#
# There is insufficient memory for the Java Runtime Environment to continue.
# Native memory allocation (malloc) failed to allocate 1048576 bytes for AllocateHeap
# Possible reasons:
#   The system is out of physical RAM or swap space
#   The process is running with CompressedOops enabled, and the Java Heap may be blocking the growth of the native heap
# Possible solutions:
#   Reduce memory load on the system
#   Increase physical memory or swap space
#   Check if swap backing store is full
#   Decrease Java heap size (-Xmx/-Xms)
#   Decrease number of Java threads
#   Decrease Java thread stack sizes (-Xss)
#   Set larger code cache with -XX:ReservedCodeCacheSize=
#   JVM is running with Unscaled Compressed Oops mode in which the Java heap is
#     placed in the first 4GB address space. The Java Heap base address is the
#     maximum limit for the native heap growth. Please use -XX:HeapBaseMinAddress
#     to set the Java Heap base and to place the Java Heap above 4GB virtual address.
# This output file may be truncated or incomplete.
#
#  Out of Memory Error (allocation.cpp:44), pid=43456, tid=53376
#
# JRE version:  (17.0.2+8) (build )
# Java VM: OpenJDK 64-Bit Server VM (17.0.2+8, mixed mode, tiered, compressed oops, compressed class ptrs, parallel gc, windows-amd64)
# No core dump will be written. Minidumps are not enabled by default on client versions of Windows
#

---------------  S U M M A R Y ------------

Command Line: --add-modules=ALL-SYSTEM --add-opens=java.base/java.util=ALL-UNNAMED --add-opens=java.base/java.lang=ALL-UNNAMED --add-opens=java.base/sun.nio.fs=ALL-UNNAMED -Declipse.application=org.eclipse.jdt.ls.core.id1 -Dosgi.bundles.defaultStartLevel=4 -Declipse.product=org.eclipse.jdt.ls.core.product -Djava.import.generatesMetadataFilesAtProjectRoot=false -Dfile.encoding=utf8 -DwatchParentProcess=false -XX:+UseParallelGC -XX:GCTimeRatio=4 -XX:AdaptiveSizePolicyWeight=90 -Dsun.zip.disableMemoryMapping=true -Xmx1G -Xms100m -XX:+HeapDumpOnOutOfMemoryError -XX:HeapDumpPath=c:\Users\habib\AppData\Roaming\Code\User\workspaceStorage\5cd139915e46779396185eb7ec57d23b\redhat.java c:\Users\habib\.vscode\extensions\redhat.java-1.6.0-win32-x64\server\plugins\org.eclipse.equinox.launcher_1.6.400.v20210924-0641.jar -configuration c:\Users\habib\AppData\Roaming\Code\User\globalStorage\redhat.java\1.6.0\config_win -data c:\Users\habib\AppData\Roaming\Code\User\workspaceStorage\5cd139915e46779396185eb7ec57d23b\redhat.java\jdt_ws

Host: Intel(R) Core(TM) i7-8550U CPU @ 1.80GHz, 8 cores, 7G,  Windows 10 , 64 bit Build 19041 (10.0.19041.1645)
Time: Sun May  8 18:20:41 2022 Egypt Standard Time elapsed time: 9.785891 seconds (0d 0h 0m 9s)

---------------  T H R E A D  ---------------

Current thread (0x0000026be22953e0):  JavaThread "Unknown thread" [_thread_in_vm, id=53376, stack(0x00000093b9b00000,0x00000093b9c00000)]

Stack: [0x00000093b9b00000,0x00000093b9c00000]
Native frames: (J=compiled Java code, j=interpreted, Vv=VM code, C=native code)
V  [jvm.dll+0x67564a]
V  [jvm.dll+0x82fc04]
V  [jvm.dll+0x8313ae]
V  [jvm.dll+0x831a13]
V  [jvm.dll+0x245235]
V  [jvm.dll+0xa6393]
V  [jvm.dll+0x6a7b76]
V  [jvm.dll+0x6a871f]
V  [jvm.dll+0x681d13]
V  [jvm.dll+0x801f98]
V  [jvm.dll+0x369004]
V  [jvm.dll+0x7e0cdc]
V  [jvm.dll+0x3eb8bf]
V  [jvm.dll+0x3ed441]
C  [jli.dll+0x5277]
C  [ucrtbase.dll+0x21bb2]
C  [KERNEL32.DLL+0x17034]
C  [ntdll.dll+0x52651]


---------------  P R O C E S S  ---------------

Threads class SMR info:
_java_thread_list=0x00007ff953b25e98, length=0, elements={
}

Java Threads: ( => current thread )

Other Threads:
  0x0000026be22abde0 GCTaskThread "GC Thread#0" [stack: 0x00000093b9c00000,0x00000093b9d00000] [id=20316]

=>0x0000026be22953e0 (exited) JavaThread "Unknown thread" [_thread_in_vm, id=53376, stack(0x00000093b9b00000,0x00000093b9c00000)]

Threads with active compile tasks:

VM state: not at safepoint (normal execution)

VM Mutex/Monitor currently owned by a thread: None

Heap address: 0x00000000c0000000, size: 1024 MB, Compressed Oops mode: 32-bit

CDS archive(s) not mapped
Compressed class space mapped at: 0x0000000100000000-0x0000000140000000, reserved size: 1073741824
Narrow klass base: 0x0000000000000000, Narrow klass shift: 3, Narrow klass range: 0x140000000

GC Precious Log:
 CPUs: 8 total, 8 available
 Memory: 8089M
 Large Page Support: Disabled
 NUMA Support: Disabled
 Compressed Oops: Enabled (32-bit)
 Alignments: Space 512K, Generation 512K, Heap 2M
 Heap Min Capacity: 100M
 Heap Initial Capacity: 100M
 Heap Max Capacity: 1G
 Pre-touch: Disabled
 Parallel Workers: 8

Heap:
 PSYoungGen      total 29696K, used 512K [0x00000000eab00000, 0x00000000ecc00000, 0x0000000100000000)
  eden space 25600K, 2% used [0x00000000eab00000,0x00000000eab80070,0x00000000ec400000)
  from space 4096K, 0% used [0x00000000ec800000,0x00000000ec800000,0x00000000ecc00000)
  to   space 4096K, 0% used [0x00000000ec400000,0x00000000ec400000,0x00000000ec800000)
 ParOldGen       total 68608K, used 0K [0x00000000c0000000, 0x00000000c4300000, 0x00000000eab00000)
  object space 68608K, 0% used [0x00000000c0000000,0x00000000c0000000,0x00000000c4300000)
 Metaspace       used 1149K, committed 1216K, reserved 1056768K
  class space    used 101K, committed 128K, reserved 1048576K

Card table byte_map: [0x0000026be1c40000,0x0000026be1e50000] _byte_map_base: 0x0000026be1640000

Marking Bits: (ParMarkBitMap*) 0x00007ff953b93af0
 Begin Bits: [0x0000026bf3f10000, 0x0000026bf4f10000)
 End Bits:   [0x0000026bf4f10000, 0x0000026bf5f10000)

Polling page: 0x0000026be0250000

Metaspace:

Usage:
  Non-class:      1.02 MB used.
      Class:    101.01 KB used.
       Both:      1.12 MB used.

Virtual space:
  Non-class space:        8.00 MB reserved,       1.06 MB ( 13%) committed,  1 nodes.
      Class space:        1.00 GB reserved,     128.00 KB ( <1%) committed,  1 nodes.
             Both:        1.01 GB reserved,       1.19 MB ( <1%) committed. 

Chunk freelists:
   Non-Class:  0 bytes
       Class:  3.75 MB
        Both:  3.75 MB

MaxMetaspaceSize: unlimited
CompressedClassSpaceSize: 1.00 GB
Initial GC threshold: 21.00 MB
Current GC threshold: 17179869184.00 GB
CDS: off
MetaspaceReclaimPolicy: balanced
 - commit_granule_bytes: 65536.
 - commit_granule_words: 8192.
 - virtual_space_node_default_size: 1048576.
 - enlarge_chunks_in_place: 1.
 - new_chunks_are_fully_committed: 0.
 - uncommit_free_chunks: 1.
 - use_allocation_guard: 0.
 - handle_deallocations: 1.


Internal statistics:

num_allocs_failed_limit: 0.
num_arena_births: 2.
num_arena_deaths: 0.
num_vsnodes_births: 2.
num_vsnodes_deaths: 0.
num_space_committed: 19.
num_space_uncommitted: 0.
num_chunks_returned_to_freelist: 0.
num_chunks_taken_from_freelist: 3.
num_chunk_merges: 0.
num_chunk_splits: 1.
num_chunks_enlarged: 0.
num_purges: 0.
num_inconsistent_stats: 0.

CodeHeap 'non-profiled nmethods': size=120000Kb used=0Kb max_used=0Kb free=120000Kb
 bounds [0x0000026bec9e0000, 0x0000026becc50000, 0x0000026bf3f10000]
CodeHeap 'profiled nmethods': size=120000Kb used=0Kb max_used=0Kb free=120000Kb
 bounds [0x0000026be54b0000, 0x0000026be5720000, 0x0000026bec9e0000]
CodeHeap 'non-nmethods': size=5760Kb used=202Kb max_used=335Kb free=5557Kb
 bounds [0x0000026be4f10000, 0x0000026be5180000, 0x0000026be54b0000]
 total_blobs=66 nmethods=0 adapters=47
 compilation: enabled
              stopped_count=0, restarted_count=0
 full_count=0

Compilation events (0 events):
No events

GC Heap History (0 events):
No events

Deoptimization events (0 events):
No events

Classes unloaded (0 events):
No events

Classes redefined (0 events):
No events

Internal exceptions (0 events):
No events

VM Operations (0 events):
No events

Events (20 events):
Event: 9.703 loading class java/lang/Long
Event: 9.704 loading class java/lang/Long done
Event: 9.704 loading class java/util/Iterator
Event: 9.704 loading class java/util/Iterator done
Event: 9.704 loading class java/lang/reflect/RecordComponent
Event: 9.705 loading class java/lang/reflect/RecordComponent done
Event: 9.705 loading class jdk/internal/vm/vector/VectorSupport
Event: 9.715 loading class jdk/internal/vm/vector/VectorSupport done
Event: 9.715 loading class jdk/internal/vm/vector/VectorSupport$VectorPayload
Event: 9.715 loading class jdk/internal/vm/vector/VectorSupport$VectorPayload done
Event: 9.715 loading class jdk/internal/vm/vector/VectorSupport$Vector
Event: 9.715 loading class jdk/internal/vm/vector/VectorSupport$Vector done
Event: 9.715 loading class jdk/internal/vm/vector/VectorSupport$VectorMask
Event: 9.715 loading class jdk/internal/vm/vector/VectorSupport$VectorMask done
Event: 9.715 loading class jdk/internal/vm/vector/VectorSupport$VectorShuffle
Event: 9.716 loading class jdk/internal/vm/vector/VectorSupport$VectorShuffle done
Event: 9.750 loading class java/lang/NullPointerException
Event: 9.750 loading class java/lang/NullPointerException done
Event: 9.750 loading class java/lang/ArithmeticException
Event: 9.750 loading class java/lang/ArithmeticException done


Dynamic libraries:
0x00007ff72bfa0000 - 0x00007ff72bfae000 	c:\Users\habib\.vscode\extensions\redhat.java-1.6.0-win32-x64\jre\17.0.2-win32-x86_64\bin\java.exe
0x00007ff9be430000 - 0x00007ff9be625000 	C:\WINDOWS\SYSTEM32\ntdll.dll
0x00007ff9bd420000 - 0x00007ff9bd4de000 	C:\WINDOWS\System32\KERNEL32.DLL
0x00007ff9bbee0000 - 0x00007ff9bc1a8000 	C:\WINDOWS\System32\KERNELBASE.dll
0x00007ff9b5740000 - 0x00007ff9b57d0000 	C:\WINDOWS\SYSTEM32\apphelp.dll
0x00007ff9bbdb0000 - 0x00007ff9bbeb0000 	C:\WINDOWS\System32\ucrtbase.dll
0x00007ff994ad0000 - 0x00007ff994ae9000 	c:\Users\habib\.vscode\extensions\redhat.java-1.6.0-win32-x64\jre\17.0.2-win32-x86_64\bin\VCRUNTIME140.dll
0x00007ff994a90000 - 0x00007ff994aa8000 	c:\Users\habib\.vscode\extensions\redhat.java-1.6.0-win32-x64\jre\17.0.2-win32-x86_64\bin\jli.dll
0x00007ff9bd120000 - 0x00007ff9bd2c0000 	C:\WINDOWS\System32\USER32.dll
0x00007ff9bbeb0000 - 0x00007ff9bbed2000 	C:\WINDOWS\System32\win32u.dll
0x00007ff9aa380000 - 0x00007ff9aa61a000 	C:\WINDOWS\WinSxS\amd64_microsoft.windows.common-controls_6595b64144ccf1df_6.0.19041.1110_none_60b5254171f9507e\COMCTL32.dll
0x00007ff9bcca0000 - 0x00007ff9bccca000 	C:\WINDOWS\System32\GDI32.dll
0x00007ff9bd080000 - 0x00007ff9bd11e000 	C:\WINDOWS\System32\msvcrt.dll
0x00007ff9bc1b0000 - 0x00007ff9bc2bb000 	C:\WINDOWS\System32\gdi32full.dll
0x00007ff9bbc50000 - 0x00007ff9bbced000 	C:\WINDOWS\System32\msvcp_win.dll
0x00007ff9bd050000 - 0x00007ff9bd080000 	C:\WINDOWS\System32\IMM32.DLL
0x00007ff9b11a0000 - 0x00007ff9b11ac000 	c:\Users\habib\.vscode\extensions\redhat.java-1.6.0-win32-x64\jre\17.0.2-win32-x86_64\bin\vcruntime140_1.dll
0x00007ff9750f0000 - 0x00007ff975181000 	c:\Users\habib\.vscode\extensions\redhat.java-1.6.0-win32-x64\jre\17.0.2-win32-x86_64\bin\msvcp140.dll
0x00007ff953010000 - 0x00007ff953c57000 	c:\Users\habib\.vscode\extensions\redhat.java-1.6.0-win32-x64\jre\17.0.2-win32-x86_64\bin\server\jvm.dll
0x00007ff9bc960000 - 0x00007ff9bca0e000 	C:\WINDOWS\System32\ADVAPI32.dll
0x00007ff9bd2c0000 - 0x00007ff9bd35c000 	C:\WINDOWS\System32\sechost.dll
0x00007ff9bce80000 - 0x00007ff9bcfa5000 	C:\WINDOWS\System32\RPCRT4.dll
0x00007ff9bd360000 - 0x00007ff9bd368000 	C:\WINDOWS\System32\PSAPI.DLL
0x00007ff9a5c40000 - 0x00007ff9a5c67000 	C:\WINDOWS\SYSTEM32\WINMM.dll
0x00007ff9b3970000 - 0x00007ff9b3979000 	C:\WINDOWS\SYSTEM32\WSOCK32.dll
0x00007ff9b16e0000 - 0x00007ff9b16ea000 	C:\WINDOWS\SYSTEM32\VERSION.dll
0x00007ff9bcfe0000 - 0x00007ff9bd04b000 	C:\WINDOWS\System32\WS2_32.dll
0x00007ff9b9b00000 - 0x00007ff9b9b12000 	C:\WINDOWS\SYSTEM32\kernel.appcore.dll
0x00007ff9a1ee0000 - 0x00007ff9a1eea000 	c:\Users\habib\.vscode\extensions\redhat.java-1.6.0-win32-x64\jre\17.0.2-win32-x86_64\bin\jimage.dll
0x00007ff9b9810000 - 0x00007ff9b99f4000 	C:\WINDOWS\SYSTEM32\DBGHELP.DLL
0x00007ff9b0c60000 - 0x00007ff9b0c8c000 	C:\WINDOWS\SYSTEM32\dbgcore.DLL
0x00007ff9bbd20000 - 0x00007ff9bbda2000 	C:\WINDOWS\System32\bcryptPrimitives.dll
0x00007ff98c0b0000 - 0x00007ff98c0d5000 	c:\Users\habib\.vscode\extensions\redhat.java-1.6.0-win32-x64\jre\17.0.2-win32-x86_64\bin\java.dll
0x00007ff9930c0000 - 0x00007ff9930d8000 	c:\Users\habib\.vscode\extensions\redhat.java-1.6.0-win32-x64\jre\17.0.2-win32-x86_64\bin\zip.dll

dbghelp: loaded successfully - version: 4.0.5 - missing functions: none
symbol engine: initialized successfully - sym options: 0x614 - pdb path: .;c:\Users\habib\.vscode\extensions\redhat.java-1.6.0-win32-x64\jre\17.0.2-win32-x86_64\bin;C:\WINDOWS\SYSTEM32;C:\WINDOWS\WinSxS\amd64_microsoft.windows.common-controls_6595b64144ccf1df_6.0.19041.1110_none_60b5254171f9507e;c:\Users\habib\.vscode\extensions\redhat.java-1.6.0-win32-x64\jre\17.0.2-win32-x86_64\bin\server

VM Arguments:
jvm_args: --add-modules=ALL-SYSTEM --add-opens=java.base/java.util=ALL-UNNAMED --add-opens=java.base/java.lang=ALL-UNNAMED --add-opens=java.base/sun.nio.fs=ALL-UNNAMED -Declipse.application=org.eclipse.jdt.ls.core.id1 -Dosgi.bundles.defaultStartLevel=4 -Declipse.product=org.eclipse.jdt.ls.core.product -Djava.import.generatesMetadataFilesAtProjectRoot=false -Dfile.encoding=utf8 -DwatchParentProcess=false -XX:+UseParallelGC -XX:GCTimeRatio=4 -XX:AdaptiveSizePolicyWeight=90 -Dsun.zip.disableMemoryMapping=true -Xmx1G -Xms100m -XX:+HeapDumpOnOutOfMemoryError -XX:HeapDumpPath=c:\Users\habib\AppData\Roaming\Code\User\workspaceStorage\5cd139915e46779396185eb7ec57d23b\redhat.java 
java_command: c:\Users\habib\.vscode\extensions\redhat.java-1.6.0-win32-x64\server\plugins\org.eclipse.equinox.launcher_1.6.400.v20210924-0641.jar -configuration c:\Users\habib\AppData\Roaming\Code\User\globalStorage\redhat.java\1.6.0\config_win -data c:\Users\habib\AppData\Roaming\Code\User\workspaceStorage\5cd139915e46779396185eb7ec57d23b\redhat.java\jdt_ws
java_class_path (initial): c:\Users\habib\.vscode\extensions\redhat.java-1.6.0-win32-x64\server\plugins\org.eclipse.equinox.launcher_1.6.400.v20210924-0641.jar
Launcher Type: SUN_STANDARD

[Global flags]
    uintx AdaptiveSizePolicyWeight                 = 90                                        {product} {command line}
     intx CICompilerCount                          = 4                                         {product} {ergonomic}
    uintx GCTimeRatio                              = 4                                         {product} {command line}
     bool HeapDumpOnOutOfMemoryError               = true                                   {manageable} {command line}
    ccstr HeapDumpPath                             = c:\Users\habib\AppData\Roaming\Code\User\workspaceStorage\5cd139915e46779396185eb7ec57d23b\redhat.java         {manageable} {command line}
   size_t InitialHeapSize                          = 104857600                                 {product} {command line}
   size_t MaxHeapSize                              = 1073741824                                {product} {command line}
   size_t MaxNewSize                               = 357564416                                 {product} {ergonomic}
   size_t MinHeapDeltaBytes                        = 524288                                    {product} {ergonomic}
   size_t MinHeapSize                              = 104857600                                 {product} {command line}
   size_t NewSize                                  = 34603008                                  {product} {ergonomic}
    uintx NonNMethodCodeHeapSize                   = 5839372                                {pd product} {ergonomic}
    uintx NonProfiledCodeHeapSize                  = 122909434                              {pd product} {ergonomic}
   size_t OldSize                                  = 70254592                                  {product} {ergonomic}
    uintx ProfiledCodeHeapSize                     = 122909434                              {pd product} {ergonomic}
    uintx ReservedCodeCacheSize                    = 251658240                              {pd product} {ergonomic}
     bool SegmentedCodeCache                       = true                                      {product} {ergonomic}
   size_t SoftMaxHeapSize                          = 1073741824                             {manageable} {ergonomic}
     bool UseCompressedClassPointers               = true                           {product lp64_product} {ergonomic}
     bool UseCompressedOops                        = true                           {product lp64_product} {ergonomic}
     bool UseLargePagesIndividualAllocation        = false                                  {pd product} {ergonomic}
     bool UseParallelGC                            = true                                      {product} {command line}

Logging:
Log output configuration:
 #0: stdout all=warning uptime,level,tags
 #1: stderr all=off uptime,level,tags

Environment Variables:
JAVA_HOME=C:\Users\habib\Downloads\jdk-17.0.2+8
PATH=C:\Program Files\Eclipse Adoptium\jdk-17.0.3.7-hotspot\bin;C:\Python310\Scripts\;C:\Python310\;C:\Program Files (x86)\Common Files\Oracle\Java\javapath;C:\WINDOWS\system32;C:\WINDOWS;C:\WINDOWS\System32\Wbem;C:\WINDOWS\System32\WindowsPowerShell\v1.0\;C:\WINDOWS\System32\OpenSSH\;C:\Program Files\Microsoft SQL Server\130\Tools\Binn\;C:\Program Files\Intel\WiFi\bin\;C:\Program Files\Common Files\Intel\WirelessCommon\;C:\Program Files (x86)\IVI Foundation\VISA\WinNT\Bin\;C:\Program Files\IVI Foundation\VISA\Win64\Bin\;C:\Program Files (x86)\National Instruments\Shared\LabVIEW CLI;C:\Program Files (x86)\IVI Foundation\VISA\WinNT\Bin;C:\Program Files\dotnet\;C:\Program Files\Microsoft SQL Server\Client SDK\ODBC\170\Tools\Binn\;C:\Program Files (x86)\Microsoft SQL Server\150\Tools\Binn\;C:\Program Files\Microsoft SQL Server\150\Tools\Binn\;C:\Program Files\Microsoft SQL Server\150\DTS\Binn\;C:\Program Files (x86)\Microsoft SQL Server\150\DTS\Binn\;C:\Program Files\Azure Data Studio\bin;C:\Program Files\NVIDIA Corporation\NVIDIA NvDLISR;C:\Program Files (x86)\Intel\Intel(R) Management Engine Components\DAL;C:\Program Files\Intel\Intel(R) Management Engine Components\DAL;C:\Program Files (x86)\NVIDIA Corporation\PhysX\Common;C:\WINDOWS\system32;C:\WINDOWS;C:\WINDOWS\System32\Wbem;C:\WINDOWS\System32\WindowsPowerShell\v1.0\;C:\WINDOWS\System32\OpenSSH\;C:\Program Files\MATLAB\MATLAB Production Server\R2015a\runtime\win64;C:\Program Files\MATLAB\MATLAB Production Server\R2015a\bin;C:\Program Files\MATLAB\MATLAB Production Server\R2015a\polyspace\bin;C:\Users\habib\AppData\Local\Programs\Python\Python39;C:\Program Files\Git\cmd;C:\Program Files\nodejs\;C:\ProgramData\chocolatey\bin;C:\Users\habib\AppData\Local\Microsoft\WindowsApps;C:\intelFPGA_lite\20.1\modelsim_ase\win32aloem;C:\Users\habib\AppData\Local\Programs\Microsoft VS Code\bin;C:\Program Files\Azure Data Studio\bin;C:\Users\habib\development\sdks\flutter\bin;C:\Users\habib\AppData\Roaming\npm
USERNAME=habib
OS=Windows_NT
PROCESSOR_IDENTIFIER=Intel64 Family 6 Model 142 Stepping 10, GenuineIntel



---------------  S Y S T E M  ---------------

OS:
 Windows 10 , 64 bit Build 19041 (10.0.19041.1645)
OS uptime: 21 days 1:12 hours

CPU: total 8 (initial active 8) (4 cores per cpu, 2 threads per core) family 6 model 142 stepping 10 microcode 0xd6, cx8, cmov, fxsr, ht, mmx, 3dnowpref, sse, sse2, sse3, ssse3, sse4.1, sse4.2, popcnt, lzcnt, tsc, tscinvbit, avx, avx2, aes, erms, clmul, bmi1, bmi2, adx, fma, vzeroupper, clflush, clflushopt

Memory: 4k page, system-wide physical 8089M (758M free)
TotalPageFile size 32665M (AvailPageFile size 5M)
current process WorkingSet (physical memory assigned to process): 16M, peak: 16M
current process commit charge ("private bytes"): 153M, peak: 154M

vm_info: OpenJDK 64-Bit Server VM (17.0.2+8) for windows-amd64 JRE (17.0.2+8), built on Jan 20 2022 04:52:34 by "" with MS VC++ 16.7 (VS2019)

END.
